<?xml version="1.0" encoding="UTF-8"?>
<!-- Generated by org.testng.reporters.JUnitReportReporter -->
<testsuite hostname="DESKTOP-4V2B5VI" failures="0" tests="3" name="testClasses.VerifyUserCanAddNewAddress" time="13.932" errors="0" timestamp="2022-10-07T21:00:24 IST" skipped="0">
  <testcase classname="testClasses.VerifyUserCanAddNewAddress" name="verifyUserCanOpenProfilePage" time="10.538"/>
  <system-out/>
  <testcase classname="testClasses.VerifyUserCanAddNewAddress" name="addNewAddress" time="1.549"/>
  <system-out/>
  <testcase classname="testClasses.VerifyUserCanAddNewAddress" name="addNewAddress" time="1.845"/>
  <system-out/>
</testsuite> <!-- testClasses.VerifyUserCanAddNewAddress -->
