<?xml version="1.0" encoding="UTF-8"?>
<!-- Generated by org.testng.reporters.JUnitReportReporter -->
<testsuite hostname="DESKTOP-4V2B5VI" failures="0" tests="2" name="testClasses.VerifyUserCanGetLowestPriceProduct" time="9.538" errors="0" timestamp="2022-10-07T21:00:24 IST" skipped="0">
  <testcase classname="testClasses.VerifyUserCanGetLowestPriceProduct" name="VerifyUserCanSearchProduct" time="1.598"/>
  <system-out/>
  <testcase classname="testClasses.VerifyUserCanGetLowestPriceProduct" name="VerifyUserCanGetLowestPriceProductFromEachPage" time="7.940"/>
  <system-out/>
</testsuite> <!-- testClasses.VerifyUserCanGetLowestPriceProduct -->
